<?xml version="1.0" encoding="UTF-8"?>
<!-- Generated by org.testng.reporters.JUnitReportReporter -->
<testsuite hostname="DESKTOP-Q9V7GDP" failures="0" tests="1" name="learningTestNG.PaymentReturn" time="0.001" errors="0" timestamp="2022-06-10T07:35:27 EDT" skipped="0">
  <testcase classname="learningTestNG.PaymentReturn" name="PaymentReturnByBank" time="0.001"/>
  <system-out/>
</testsuite> <!-- learningTestNG.PaymentReturn -->
