<?xml version="1.0" encoding="UTF-8"?>
<!-- Generated by org.testng.reporters.JUnitReportReporter -->
<testsuite hostname="DESKTOP-Q9V7GDP" failures="0" tests="2" name="learningTestNG.TestNGAnotation1" time="0.012" errors="0" timestamp="2022-06-10T07:35:27 EDT" skipped="0">
  <testcase classname="learningTestNG.TestNGAnotation1" name="test2" time="0.005"/>
  <system-out/>
  <testcase classname="learningTestNG.TestNGAnotation1" name="test1" time="0.007"/>
  <system-out/>
</testsuite> <!-- learningTestNG.TestNGAnotation1 -->
