<?xml version="1.0" encoding="UTF-8"?>
<!-- Generated by org.testng.reporters.JUnitReportReporter -->
<testsuite hostname="DESKTOP-Q9V7GDP" failures="0" tests="1" name="parallelExecution.TestHomePage" time="5.160" errors="0" timestamp="2022-06-10T14:27:34 EDT" skipped="0">
  <testcase classname="parallelExecution.TestHomePage" name="test_01" time="5.160"/>
  <system-out/>
</testsuite> <!-- parallelExecution.TestHomePage -->
