<?xml version="1.0" encoding="UTF-8"?>
<!-- Generated by org.testng.reporters.JUnitReportReporter -->
<testsuite hostname="DESKTOP-Q9V7GDP" failures="0" tests="1" name="learningTestNG.TestNgAnotation2" time="0.007" errors="0" timestamp="2022-06-10T07:35:27 EDT" skipped="0">
  <testcase classname="learningTestNG.TestNgAnotation2" name="tets3" time="0.007"/>
  <system-out/>
</testsuite> <!-- learningTestNG.TestNgAnotation2 -->
