<?xml version="1.0" encoding="UTF-8"?>
<!-- Generated by org.testng.reporters.JUnitReportReporter -->
<testsuite hostname="DESKTOP-Q9V7GDP" failures="0" tests="3" name="paralleltestWithTestNg.TestParallel" time="20.158" errors="0" timestamp="2022-06-10T19:07:46 EDT" skipped="0">
  <testcase classname="paralleltestWithTestNg.TestParallel" name="test" time="6.592"/>
  <system-out/>
  <testcase classname="paralleltestWithTestNg.TestParallel" name="test" time="6.620"/>
  <system-out/>
  <testcase classname="paralleltestWithTestNg.TestParallel" name="test" time="6.946"/>
  <system-out/>
</testsuite> <!-- paralleltestWithTestNg.TestParallel -->
