<?xml version="1.0" encoding="UTF-8"?>
<!-- Generated by org.testng.reporters.JUnitReportReporter -->
<testsuite hostname="DESKTOP-Q9V7GDP" failures="0" tests="2" name="learningTestNG.PaymentTest" time="0.008" errors="0" timestamp="2022-06-10T07:35:27 EDT" skipped="0">
  <testcase classname="learningTestNG.PaymentTest" name="PaymentInTL" time="0.006"/>
  <system-out/>
  <testcase classname="learningTestNG.PaymentTest" name="PaymentInDollar" time="0.002"/>
  <system-out/>
</testsuite> <!-- learningTestNG.PaymentTest -->
