<?xml version="1.0" encoding="UTF-8"?>
<!-- Generated by org.testng.reporters.JUnitReportReporter -->
<testsuite hostname="DESKTOP-Q9V7GDP" failures="0" tests="4" name="parallelExecution.TestWebSite" time="17.703" errors="0" timestamp="2022-06-10T14:27:34 EDT" skipped="0">
  <testcase classname="parallelExecution.TestWebSite" name="test_02" time="3.958"/>
  <system-out/>
  <testcase classname="parallelExecution.TestWebSite" name="test_01" time="4.371"/>
  <system-out/>
  <testcase classname="parallelExecution.TestWebSite" name="test_03" time="5.518"/>
  <system-out/>
  <testcase classname="parallelExecution.TestWebSite" name="test_04" time="3.856"/>
  <system-out/>
</testsuite> <!-- parallelExecution.TestWebSite -->
